<?xml version="1.0" encoding="UTF-8"?><testsuite failures="0" name="cucumber.runtime.formatter.JUnitFormatter" skipped="0" tests="2" time="0.14062">
<testcase classname="Free Crm Login Page Feature" name="Free CRM Login Test Scenario" time="0.138964">
<system-out><![CDATA[Given user is already on Login Page.........................................passed
When title of login page is Free CRM........................................passed
Then user enters username and password......................................passed
Then user clicks on login button............................................passed
Then user is on home page...................................................passed
]]></system-out>
</testcase>
<testcase classname="Free Crm Login Page Feature" name="Free CRM Home Page" time="0.001656">
<system-out><![CDATA[Given user is on Home Page..................................................passed
When user is selected contacts..............................................passed
Then user created  contact..................................................passed
Then user click on logout...................................................passed
]]></system-out>
</testcase>
</testsuite>
